<?xml version="1.0" encoding="UTF-8"?>
<!-- Generated by org.testng.reporters.JUnitXMLReporter -->
<testsuite ignored="0" hostname="WINDOWS-0KUD2O4" failures="0" tests="10" name="Default test" time="130.875" errors="0" timestamp="2021-09-26T13:13:05 IST">
  <testcase classname="com.urbanladder.runner.Runner" name="Login" time="10.753"/>
  <testcase classname="com.urbanladder.runner.Runner" name="DiningTable" time="0.0">
    <skipped/>
  </testcase> <!-- DiningTable -->
  <testcase classname="com.urbanladder.runner.Runner" name="Sale" time="12.257"/>
  <testcase classname="com.urbanladder.runner.Runner" name="Living" time="10.265"/>
  <testcase classname="com.urbanladder.runner.Runner" name="Bedroom" time="9.051"/>
  <testcase classname="com.urbanladder.runner.Runner" name="Storage" time="19.487"/>
  <testcase classname="com.urbanladder.runner.Runner" name="Study" time="15.298"/>
  <testcase classname="com.urbanladder.runner.Runner" name="Kids" time="15.662"/>
  <testcase classname="com.urbanladder.runner.Runner" name="GiftCard" time="21.247"/>
  <testcase classname="com.urbanladder.runner.Runner" name="BulkOrder" time="3.559"/>
</testsuite> <!-- Default test -->
